<?xml version="1.0" encoding="UTF-8"?>
<testsuite name="EnemyTest" tests="5" skipped="0" failures="0" errors="0" timestamp="2019-10-06T08:21:19" hostname="DESKTOP-23IEG76" time="0.005">
  <properties/>
  <testcase name="basicTest" classname="EnemyTest" time="0.003"/>
  <testcase name="imagePathTest" classname="EnemyTest" time="0.0"/>
  <testcase name="moveTest" classname="EnemyTest" time="0.001"/>
  <testcase name="isEnemyTest" classname="EnemyTest" time="0.0"/>
  <testcase name="removeTest" classname="EnemyTest" time="0.0"/>
  <system-out><![CDATA[]]></system-out>
  <system-err><![CDATA[]]></system-err>
</testsuite>
