<?xml version="1.0" encoding="UTF-8"?>
<testsuite name="LevelTest" tests="5" skipped="0" failures="0" errors="0" timestamp="2019-10-06T12:05:49" hostname="DESKTOP-23IEG76" time="0.01">
  <properties/>
  <testcase name="basicTest" classname="LevelTest" time="0.0"/>
  <testcase name="endTest" classname="LevelTest" time="0.001"/>
  <testcase name="diedTest" classname="LevelTest" time="0.001"/>
  <testcase name="moveTest" classname="LevelTest" time="0.0"/>
  <testcase name="finishTest" classname="LevelTest" time="0.002"/>
  <system-out><![CDATA[]]></system-out>
  <system-err><![CDATA[]]></system-err>
</testsuite>
