<?xml version="1.0" encoding="UTF-8"?>
<testsuite name="EntityTests.FlagTest" tests="3" skipped="0" failures="0" errors="0" timestamp="2019-10-06T12:05:48" hostname="DESKTOP-23IEG76" time="0.007">
  <properties/>
  <testcase name="basicTest" classname="EntityTests.FlagTest" time="0.002"/>
  <testcase name="imagePathTest" classname="EntityTests.FlagTest" time="0.001"/>
  <testcase name="layerTest" classname="EntityTests.FlagTest" time="0.004"/>
  <system-out><![CDATA[]]></system-out>
  <system-err><![CDATA[]]></system-err>
</testsuite>
