<?xml version="1.0" encoding="UTF-8"?>
<testsuite name="JsonTest" tests="4" skipped="0" failures="0" errors="0" timestamp="2019-10-06T12:05:48" hostname="DESKTOP-23IEG76" time="0.028">
  <properties/>
  <testcase name="basicTest" classname="JsonTest" time="0.002"/>
  <testcase name="miscTest" classname="JsonTest" time="0.004"/>
  <testcase name="enemyTest" classname="JsonTest" time="0.008"/>
  <testcase name="platformTest" classname="JsonTest" time="0.001"/>
  <system-out><![CDATA[]]></system-out>
  <system-err><![CDATA[]]></system-err>
</testsuite>
