<?xml version="1.0" encoding="UTF-8"?>
<testsuite name="EntityTests.CloudTest" tests="3" skipped="0" failures="0" errors="0" timestamp="2019-10-06T12:05:48" hostname="DESKTOP-23IEG76" time="0.022">
  <properties/>
  <testcase name="basicTest" classname="EntityTests.CloudTest" time="0.008"/>
  <testcase name="imagePathTest" classname="EntityTests.CloudTest" time="0.007"/>
  <testcase name="moveTest" classname="EntityTests.CloudTest" time="0.001"/>
  <system-out><![CDATA[]]></system-out>
  <system-err><![CDATA[]]></system-err>
</testsuite>
